Watching for file changes with StatReloader
"GET /drive/ HTTP/1.1" 200 56466
"GET /static/js/main.js HTTP/1.1" 200 5785
"GET /static/css/styles.css HTTP/1.1" 200 10598
Not Found: /favicon.ico
"GET /favicon.ico HTTP/1.1" 404 2545
"GET /drive/ HTTP/1.1" 200 56466
Watching for file changes with StatReloader
"GET /drive/folder/f63f235f30527e71eba31d52ed115dce375efc466e5f11eeba8a6b31f052954b/ HTTP/1.1" 200 32894
"GET /static/css/styles.css HTTP/1.1" 304 0
"GET /static/js/main.js HTTP/1.1" 304 0
"GET /drive/ HTTP/1.1" 200 56466
"GET /drive/folder/f63f235f30527e71eba31d52ed115dce375efc466e5f11eeba8a6b31f052954b/ HTTP/1.1" 200 32894
"GET /drive/folder/64c8f9a7eb1ff72535bcd5b485a5fc25f93c6a9a7504172fe960c412e7f9345b/ HTTP/1.1" 200 15550
"GET /drive/ HTTP/1.1" 200 56466
"GET /drive/folder/f63f235f30527e71eba31d52ed115dce375efc466e5f11eeba8a6b31f052954b/ HTTP/1.1" 200 32894
"GET /drive/folder/30be579d2361157f3ef208b28542826892bb01c5b31f89750199047e358a9b34/ HTTP/1.1" 200 15556
"GET /drive/ HTTP/1.1" 200 56466
"GET /static/css/styles.css HTTP/1.1" 304 0
"GET /static/js/main.js HTTP/1.1" 304 0
Number of files received: 1
Number of file paths received: 1
File name: Link.txt, Path: Terceira Entrega/Link.txt
Starting to process 1 file entries
Created new folder: Terceira Entrega
Folder creation complete. Created 1 folders.
Saving file: Link.txt in folder: Terceira Entrega
Save path: 193/Link.txt
Saved file: Link.txt
Deleted temporary directory: 193
Upload complete. Uploaded 1 files, created 1 folders, renamed 0 files.
Uploaded 1 files, created 1 folders, renamed 0 files
"POST /drive/upload_folder/ HTTP/1.1" 302 0
"GET /drive/ HTTP/1.1" 200 65386
"GET /drive/ HTTP/1.1" 200 65215
"GET /static/css/styles.css HTTP/1.1" 304 0
"GET /static/js/main.js HTTP/1.1" 304 0
Number of files received: 13
Number of file paths received: 13
File name: TodoModel.js, Path: projeto/TodoModel.js
File name: data.json, Path: projeto/data.json
File name: style.css, Path: projeto/style.css
File name: system.css, Path: projeto/system.css
File name: index.html, Path: projeto/index.html
File name: webComponents.js, Path: projeto/webComponents.js
File name: script.js, Path: projeto/script.js
File name: check.svg, Path: projeto/assets/icons/check.svg
File name: cross.svg, Path: projeto/assets/icons/cross.svg
File name: home.svg, Path: projeto/assets/icons/home.svg
File name: plus.svg, Path: projeto/assets/icons/plus.svg
File name: arrow.svg, Path: projeto/assets/icons/arrow.svg
File name: settings.json, Path: projeto/.vscode/settings.json
Starting to process 13 file entries
Created new folder: projeto
Created new folder: assets
Created new folder: icons
Created new folder: .vscode
Folder creation complete. Created 4 folders.
Saving file: TodoModel.js in folder: projeto
Save path: 194/TodoModel.js
Saved file: TodoModel.js
Saving file: data.json in folder: projeto
Save path: 194/data.json
Saved file: data.json
Saving file: style.css in folder: projeto
Save path: 194/style.css
Saved file: style.css
Saving file: system.css in folder: projeto
Save path: 194/system.css
Saved file: system.css
Saving file: index.html in folder: projeto
Save path: 194/index.html
Saved file: index.html
Saving file: webComponents.js in folder: projeto
Save path: 194/webComponents.js
Saved file: webComponents.js
Saving file: script.js in folder: projeto
Save path: 194/script.js
Saved file: script.js
Saving file: check.svg in folder: icons
Save path: 196/check.svg
Saved file: check.svg
Saving file: cross.svg in folder: icons
Save path: 196/cross.svg
Saved file: cross.svg
Saving file: home.svg in folder: icons
Save path: 196/home.svg
Saved file: home.svg
Saving file: plus.svg in folder: icons
Save path: 196/plus.svg
Saved file: plus.svg
Saving file: arrow.svg in folder: icons
Save path: 196/arrow.svg
Saved file: arrow.svg
Saving file: settings.json in folder: .vscode
Save path: 197/settings.json
Saved file: settings.json
Deleted temporary directory: 197
Deleted temporary directory: 196
Deleted temporary directory: 194
Upload complete. Uploaded 13 files, created 4 folders, renamed 0 files.
Uploaded 13 files, created 4 folders, renamed 0 files
"POST /drive/upload_folder/ HTTP/1.1" 302 0
"GET /drive/ HTTP/1.1" 200 74118
"GET /drive/ HTTP/1.1" 200 73946
Internal Server Error: /drive/view-file/67d6d228c1f3189b097181471b0678fc6fc42191c032b49b7ec94dd754216f7f/
Traceback (most recent call last):
  File "/root/.cache/pypoetry/virtualenvs/edrive-9TtSrW0h-py3.12/lib/python3.12/site-packages/django/core/handlers/exception.py", line 55, in inner
    response = get_response(request)
               ^^^^^^^^^^^^^^^^^^^^^
  File "/root/.cache/pypoetry/virtualenvs/edrive-9TtSrW0h-py3.12/lib/python3.12/site-packages/django/core/handlers/base.py", line 197, in _get_response
    response = wrapped_callback(request, *callback_args, **callback_kwargs)
               ^^^^^^^^^^^^^^^^^^^^^^^^^^^^^^^^^^^^^^^^^^^^^^^^^^^^^^^^^^^^
  File "/root/.cache/pypoetry/virtualenvs/edrive-9TtSrW0h-py3.12/lib/python3.12/site-packages/django/contrib/auth/decorators.py", line 23, in _wrapper_view
    return view_func(request, *args, **kwargs)
           ^^^^^^^^^^^^^^^^^^^^^^^^^^^^^^^^^^^
  File "/app/EDrive/drive/views.py", line 86, in view_file
    response = FileResponse(file.file_path.open('rb'), filename=file.file_name)
                            ^^^^^^^^^^^^^^^^^^^^^^^^^
  File "/root/.cache/pypoetry/virtualenvs/edrive-9TtSrW0h-py3.12/lib/python3.12/site-packages/django/db/models/fields/files.py", line 79, in open
    self.file = self.storage.open(self.name, mode)
                ^^^^^^^^^^^^^^^^^^^^^^^^^^^^^^^^^^
  File "/root/.cache/pypoetry/virtualenvs/edrive-9TtSrW0h-py3.12/lib/python3.12/site-packages/django/core/files/storage/base.py", line 22, in open
    return self._open(name, mode)
           ^^^^^^^^^^^^^^^^^^^^^^
  File "/root/.cache/pypoetry/virtualenvs/edrive-9TtSrW0h-py3.12/lib/python3.12/site-packages/django/core/files/storage/filesystem.py", line 68, in _open
    return File(open(self.path(name), mode))
                ^^^^^^^^^^^^^^^^^^^^^^^^^^^
FileNotFoundError: [Errno 2] No such file or directory: '/app/EDrive/drive/uploads/67d6d228c1f3189b097181471b0678fc6fc42191c032b49b7ec94dd754216f7f.png'
"GET /drive/view-file/67d6d228c1f3189b097181471b0678fc6fc42191c032b49b7ec94dd754216f7f/ HTTP/1.1" 500 78261
"POST /drive/delete-file/67d6d228c1f3189b097181471b0678fc6fc42191c032b49b7ec94dd754216f7f/ HTTP/1.1" 302 0
"GET /drive/ HTTP/1.1" 200 65118
"POST /drive/delete-file/9c447daaee4538a208bc811072cd69213901702840def9fa8a4771f49e6714f2/ HTTP/1.1" 302 0
"GET /drive/ HTTP/1.1" 200 56250
"GET /drive/folder/29dd65f486fe4e433b55a9e876f631915b5cf3fe7773ec55107b76192c43f747/ HTTP/1.1" 200 84132
"GET /drive/folder/bc736601bd6475167ad31889405f9dac285acbb33cf238f79e09c9924acc35d4/ HTTP/1.1" 200 24318
"GET /drive/ HTTP/1.1" 200 56250
"GET /drive/ HTTP/1.1" 200 56250
"POST /drive/delete-folder/29dd65f486fe4e433b55a9e876f631915b5cf3fe7773ec55107b76192c43f747/ HTTP/1.1" 302 0
"GET /drive/ HTTP/1.1" 200 47516
"POST /drive/delete-folder/aba607261d1bdbef90d68e0b9c15d049569a1223d4a64e91f6e4aa97a179176d/ HTTP/1.1" 302 0
"GET /drive/ HTTP/1.1" 200 38767
"POST /drive/delete-folder/40a271734b8e96784549e46fcee46d5f1dccc7fc988f5a5d884175552642aca1/ HTTP/1.1" 302 0
"GET /drive/ HTTP/1.1" 200 30020
"POST /drive/delete-folder/9dd597698a89fac1e2da4e9dc92786475e92da9f00cf33e86b5495505fb892b5/ HTTP/1.1" 302 0
"GET /drive/ HTTP/1.1" 200 21273
Number of files received: 11
Number of file paths received: 11
File name: bf0f5bff9e3453b31b00f38bd2dd58c2aa080ff2eec1ebde3ce3d2fddf670bca.png, Path: uploads/bf0f5bff9e3453b31b00f38bd2dd58c2aa080ff2eec1ebde3ce3d2fddf670bca.png
File name: 6b334f0373a2655b0d6638c4d3c37e8b8190e5e7b84cf6bdf10fdf5181cc1441.png, Path: uploads/6b334f0373a2655b0d6638c4d3c37e8b8190e5e7b84cf6bdf10fdf5181cc1441.png
File name: 6709a4e19de5ac69f796f6320a208f66382a1e1431a43f9ef9125e90428a18d9.png, Path: uploads/6709a4e19de5ac69f796f6320a208f66382a1e1431a43f9ef9125e90428a18d9.png
File name: 5aa8a1230f73dc326363c6c05e25e101f82563e7afc0e563b28edaf9c12daec7.png, Path: uploads/5aa8a1230f73dc326363c6c05e25e101f82563e7afc0e563b28edaf9c12daec7.png
File name: bc19f4d87c1aef17c5cd2147f5527c668e4f28c9d1d96dd25a6ffcfb726c0c34.png, Path: uploads/bc19f4d87c1aef17c5cd2147f5527c668e4f28c9d1d96dd25a6ffcfb726c0c34.png
File name: e19bca00129c0109f342d6b0a14353e36632bda6410b02e2ed7651599186d61e.png, Path: uploads/e19bca00129c0109f342d6b0a14353e36632bda6410b02e2ed7651599186d61e.png
File name: 550a9f7deac30d749895d159fcd65db01722c52218dd13f4db3721e2e9f4b783.png, Path: uploads/550a9f7deac30d749895d159fcd65db01722c52218dd13f4db3721e2e9f4b783.png
File name: 4627ad1fbf04d0f4023a0d44e15b6e62669ae5957726cc0bc7ff87a974eeef91.png, Path: uploads/4627ad1fbf04d0f4023a0d44e15b6e62669ae5957726cc0bc7ff87a974eeef91.png
File name: 457d5cd2c2fcbda078934e2382559b8b9ef3349f9bdb9544f9ab3ffd12caca5d.png, Path: uploads/457d5cd2c2fcbda078934e2382559b8b9ef3349f9bdb9544f9ab3ffd12caca5d.png
File name: 9d5bc5c83ce3541faea46d17003f6efdc0660fd32573057786904f2233dadc14.txt, Path: uploads/9d5bc5c83ce3541faea46d17003f6efdc0660fd32573057786904f2233dadc14.txt
File name: cdb11dfab2f4274d8e64407df63fef155a0b331d9a0f07f4ce7fb675efab281d.png, Path: uploads/cdb11dfab2f4274d8e64407df63fef155a0b331d9a0f07f4ce7fb675efab281d.png
Starting to process 11 file entries
Created new folder: uploads
Folder creation complete. Created 1 folders.
Saving file: bf0f5bff9e3453b31b00f38bd2dd58c2aa080ff2eec1ebde3ce3d2fddf670bca.png in folder: uploads
Save path: 198/bf0f5bff9e3453b31b00f38bd2dd58c2aa080ff2eec1ebde3ce3d2fddf670bca.png
Saved file: bf0f5bff9e3453b31b00f38bd2dd58c2aa080ff2eec1ebde3ce3d2fddf670bca.png
Saving file: 6b334f0373a2655b0d6638c4d3c37e8b8190e5e7b84cf6bdf10fdf5181cc1441.png in folder: uploads
Save path: 198/6b334f0373a2655b0d6638c4d3c37e8b8190e5e7b84cf6bdf10fdf5181cc1441.png
Saved file: 6b334f0373a2655b0d6638c4d3c37e8b8190e5e7b84cf6bdf10fdf5181cc1441.png
Saving file: 6709a4e19de5ac69f796f6320a208f66382a1e1431a43f9ef9125e90428a18d9.png in folder: uploads
Save path: 198/6709a4e19de5ac69f796f6320a208f66382a1e1431a43f9ef9125e90428a18d9.png
Saved file: 6709a4e19de5ac69f796f6320a208f66382a1e1431a43f9ef9125e90428a18d9.png
Saving file: 5aa8a1230f73dc326363c6c05e25e101f82563e7afc0e563b28edaf9c12daec7.png in folder: uploads
Save path: 198/5aa8a1230f73dc326363c6c05e25e101f82563e7afc0e563b28edaf9c12daec7.png
Saved file: 5aa8a1230f73dc326363c6c05e25e101f82563e7afc0e563b28edaf9c12daec7.png
Saving file: bc19f4d87c1aef17c5cd2147f5527c668e4f28c9d1d96dd25a6ffcfb726c0c34.png in folder: uploads
Save path: 198/bc19f4d87c1aef17c5cd2147f5527c668e4f28c9d1d96dd25a6ffcfb726c0c34.png
Saved file: bc19f4d87c1aef17c5cd2147f5527c668e4f28c9d1d96dd25a6ffcfb726c0c34.png
Saving file: e19bca00129c0109f342d6b0a14353e36632bda6410b02e2ed7651599186d61e.png in folder: uploads
Save path: 198/e19bca00129c0109f342d6b0a14353e36632bda6410b02e2ed7651599186d61e.png
Saved file: e19bca00129c0109f342d6b0a14353e36632bda6410b02e2ed7651599186d61e.png
Saving file: 550a9f7deac30d749895d159fcd65db01722c52218dd13f4db3721e2e9f4b783.png in folder: uploads
Save path: 198/550a9f7deac30d749895d159fcd65db01722c52218dd13f4db3721e2e9f4b783.png
Saved file: 550a9f7deac30d749895d159fcd65db01722c52218dd13f4db3721e2e9f4b783.png
Saving file: 4627ad1fbf04d0f4023a0d44e15b6e62669ae5957726cc0bc7ff87a974eeef91.png in folder: uploads
Save path: 198/4627ad1fbf04d0f4023a0d44e15b6e62669ae5957726cc0bc7ff87a974eeef91.png
Saved file: 4627ad1fbf04d0f4023a0d44e15b6e62669ae5957726cc0bc7ff87a974eeef91.png
Saving file: 457d5cd2c2fcbda078934e2382559b8b9ef3349f9bdb9544f9ab3ffd12caca5d.png in folder: uploads
Save path: 198/457d5cd2c2fcbda078934e2382559b8b9ef3349f9bdb9544f9ab3ffd12caca5d.png
Saved file: 457d5cd2c2fcbda078934e2382559b8b9ef3349f9bdb9544f9ab3ffd12caca5d.png
Saving file: 9d5bc5c83ce3541faea46d17003f6efdc0660fd32573057786904f2233dadc14.txt in folder: uploads
Save path: 198/9d5bc5c83ce3541faea46d17003f6efdc0660fd32573057786904f2233dadc14.txt
Saved file: 9d5bc5c83ce3541faea46d17003f6efdc0660fd32573057786904f2233dadc14.txt
Saving file: cdb11dfab2f4274d8e64407df63fef155a0b331d9a0f07f4ce7fb675efab281d.png in folder: uploads
Save path: 198/cdb11dfab2f4274d8e64407df63fef155a0b331d9a0f07f4ce7fb675efab281d.png
Saved file: cdb11dfab2f4274d8e64407df63fef155a0b331d9a0f07f4ce7fb675efab281d.png
Deleted temporary directory: 198
Upload complete. Uploaded 11 files, created 1 folders, renamed 0 files.
Uploaded 11 files, created 1 folders, renamed 0 files
"POST /drive/upload_folder/ HTTP/1.1" 302 0
"GET /drive/ HTTP/1.1" 200 30182
"GET /drive/ HTTP/1.1" 200 30010
"GET /static/css/styles.css HTTP/1.1" 304 0
"GET /static/js/main.js HTTP/1.1" 304 0
"GET /drive/ HTTP/1.1" 302 0
"GET /home/login/?next=/drive/ HTTP/1.1" 200 11611
"GET /static/css/styles.css HTTP/1.1" 200 10598
"GET /static/js/main.js HTTP/1.1" 200 5785
"GET /home HTTP/1.1" 301 0
"GET /home/ HTTP/1.1" 200 10926
"POST /home/logout/ HTTP/1.1" 302 0
"GET /home/ HTTP/1.1" 200 10926
"GET /static/css/styles.css HTTP/1.1" 304 0
"GET /home/ HTTP/1.1" 200 9717
"GET /static/css/styles.css HTTP/1.1" 304 0
"GET /static/js/main.js HTTP/1.1" 304 0
"GET /home/ HTTP/1.1" 200 10926
"GET /home/ HTTP/1.1" 200 10926
"GET /home/ HTTP/1.1" 200 10946
"GET /home/ HTTP/1.1" 200 10946
"GET /home/ HTTP/1.1" 200 10946
"GET /home/ HTTP/1.1" 200 10931
"GET /home/ HTTP/1.1" 200 10931
"GET /home/ HTTP/1.1" 200 10931
"GET /home/ HTTP/1.1" 200 10931
"GET /home/ HTTP/1.1" 200 10931
"GET /home/ HTTP/1.1" 200 10931
"GET /home/ HTTP/1.1" 200 10931
"GET /static/css/styles.css HTTP/1.1" 200 10598
"GET /static/js/main.js HTTP/1.1" 200 5785
"GET /home/ HTTP/1.1" 200 10931
"GET /home/ HTTP/1.1" 200 4595
"GET /static/css/styles.css HTTP/1.1" 304 0
"GET /static/js/main.js HTTP/1.1" 304 0
"GET /home/ HTTP/1.1" 200 4687
"GET /static/css/styles.css HTTP/1.1" 304 0
"GET /static/js/main.js HTTP/1.1" 304 0
"GET /home/ HTTP/1.1" 200 4687
/app/EDrive/drive/views.py changed, reloading.
Watching for file changes with StatReloader
"GET /home/ HTTP/1.1" 200 4812
"GET /static/css/styles.css HTTP/1.1" 304 0
"GET /static/js/main.js HTTP/1.1" 304 0
"GET /home/ HTTP/1.1" 200 4812
"GET /home/ HTTP/1.1" 200 4812
"GET /home/ HTTP/1.1" 200 4812
"GET /home/ HTTP/1.1" 200 4812
"GET /static/js/main.js HTTP/1.1" 200 5785
"GET /static/css/styles.css HTTP/1.1" 200 10598
"GET /home/ HTTP/1.1" 200 4812
"GET /home/ HTTP/1.1" 200 4812
"GET /home/ HTTP/1.1" 200 4812
"GET /home/ HTTP/1.1" 200 4812
"GET /home/ HTTP/1.1" 200 4812
"GET /home/ HTTP/1.1" 200 4812
"GET /home/ HTTP/1.1" 200 4812
"GET /home/ HTTP/1.1" 200 4812
"GET /home/ HTTP/1.1" 200 4812
"GET /home/ HTTP/1.1" 200 4812
"GET /home/ HTTP/1.1" 200 4812
"GET /static/css/styles.css HTTP/1.1" 200 10598
"GET /static/js/main.js HTTP/1.1" 200 5785
"GET /home/ HTTP/1.1" 200 4812
"GET /home/ HTTP/1.1" 200 4812
"GET /home/ HTTP/1.1" 200 4812
"GET /static/css/styles.css HTTP/1.1" 200 10598
"GET /static/js/main.js HTTP/1.1" 200 5785
"GET /home/ HTTP/1.1" 200 4816
"GET /static/csshome/styles.css HTTP/1.1" 200 4690
"GET /home/ HTTP/1.1" 200 4816
"GET /home/ HTTP/1.1" 200 4653
"GET /static/csshome/styles.css HTTP/1.1" 304 0
"GET /home/ HTTP/1.1" 200 4668
"GET /static/csshome/styles.css HTTP/1.1" 200 4726
"GET /home/ HTTP/1.1" 200 4668
"GET /static/csshome/styles.css HTTP/1.1" 200 4763
"GET /static/js/main.js HTTP/1.1" 200 5785
"GET /home/ HTTP/1.1" 200 4668
"GET /static/csshome/styles.css HTTP/1.1" 200 4761
"GET /home/ HTTP/1.1" 200 4668
"GET /static/csshome/styles.css HTTP/1.1" 200 4748
"GET /home/ HTTP/1.1" 200 4668
"GET /home/ HTTP/1.1" 200 4668
"GET /static/js/main.js HTTP/1.1" 200 5785
"GET /static/csshome/styles.css HTTP/1.1" 200 4748
"GET /home/ HTTP/1.1" 200 4668
"GET /home/ HTTP/1.1" 200 4668
"GET /home/ HTTP/1.1" 200 4668
"GET /static/csshome/styles.css HTTP/1.1" 304 0
"GET /static/js/main.js HTTP/1.1" 304 0
"GET /home/premium/ HTTP/1.1" 200 4336
"GET /static/csshome/styles.css HTTP/1.1" 200 4770
"GET /home/about/ HTTP/1.1" 200 4319
"GET /static/csshome/styles.css HTTP/1.1" 304 0
"GET /home/about/ HTTP/1.1" 200 4319
"GET /static/csshome/styles.css HTTP/1.1" 304 0
"GET /home/about/ HTTP/1.1" 200 4319
"GET /home/about/ HTTP/1.1" 200 4362
"GET /static/csshome/styles.css HTTP/1.1" 304 0
"GET /home/login/ HTTP/1.1" 200 5057
"POST /home/login/ HTTP/1.1" 302 0
"GET /drive/ HTTP/1.1" 200 30151
"GET /static/css/styles.css HTTP/1.1" 304 0
"POST /home/logout/ HTTP/1.1" 302 0
"GET /home/ HTTP/1.1" 200 4711
"GET /static/csshome/styles.css HTTP/1.1" 304 0
"GET /home/ HTTP/1.1" 200 4711
"GET /static/csshome/styles.css HTTP/1.1" 304 0
"GET /home/ HTTP/1.1" 200 4711
"GET /home/ HTTP/1.1" 200 4711
"POST /home/logout/ HTTP/1.1" 302 0
"GET /home/ HTTP/1.1" 200 4711
"GET /home/login/ HTTP/1.1" 200 5057
"GET /home/signup/ HTTP/1.1" 200 5283
"GET /static/csshome/styles.css HTTP/1.1" 200 4785
"POST /home/signup/ HTTP/1.1" 200 5342
"GET /static/csshome/styles.css HTTP/1.1" 304 0
"GET /home/login/ HTTP/1.1" 200 5057
"GET /static/csshome/styles.css HTTP/1.1" 304 0
"POST /home/login/ HTTP/1.1" 302 0
"GET /drive/ HTTP/1.1" 200 30151
"GET /drive/folder/b7eb594bb28b7a0d3a94a2f145f33aba3118eba2c8ae005d57d726f7c59827b4/ HTTP/1.1" 200 97515
"GET /drive/ HTTP/1.1" 200 30151
"GET /drive/folder/b7eb594bb28b7a0d3a94a2f145f33aba3118eba2c8ae005d57d726f7c59827b4/ HTTP/1.1" 200 97515
"GET /drive/folder/6bb28cba929799f275c635baa3cda48187c3771fcf7d30c4fd220cf79dc22255/ HTTP/1.1" 200 15552
"GET /drive/ HTTP/1.1" 200 30151
"GET /home/ HTTP/1.1" 302 0
"GET /drive/ HTTP/1.1" 200 30151
"GET /home/ HTTP/1.1" 302 0
"GET /drive/ HTTP/1.1" 200 30151
"GET /home/ HTTP/1.1" 302 0
"GET /drive/ HTTP/1.1" 200 30151
"GET /home/ HTTP/1.1" 302 0
"GET /drive/ HTTP/1.1" 200 30151
"GET /home/ HTTP/1.1" 302 0
"GET /drive/ HTTP/1.1" 200 30151
"GET /home/ HTTP/1.1" 302 0
"GET /drive/ HTTP/1.1" 200 30151
"GET /drive/folder/b7eb594bb28b7a0d3a94a2f145f33aba3118eba2c8ae005d57d726f7c59827b4/ HTTP/1.1" 200 97515
"GET /drive/folder/6bb28cba929799f275c635baa3cda48187c3771fcf7d30c4fd220cf79dc22255/ HTTP/1.1" 200 15552
"POST /drive/create_folder/ HTTP/1.1" 302 0
"GET /drive/folder/6bb28cba929799f275c635baa3cda48187c3771fcf7d30c4fd220cf79dc22255/ HTTP/1.1" 200 24471
"GET /drive/folder/a467913c93baabda03e5d2dacf5b2491b9a5319b9564d0ee6773bb3055ae0d4e/ HTTP/1.1" 200 15702
"GET /drive/ HTTP/1.1" 200 30151
"GET /drive/folder/b7eb594bb28b7a0d3a94a2f145f33aba3118eba2c8ae005d57d726f7c59827b4/ HTTP/1.1" 200 97515
"GET /static/js/main.js HTTP/1.1" 304 0
"GET /drive/ HTTP/1.1" 200 30151
"GET /drive/folder/b7eb594bb28b7a0d3a94a2f145f33aba3118eba2c8ae005d57d726f7c59827b4/ HTTP/1.1" 200 97515
"POST /home/logout/ HTTP/1.1" 302 0
"GET /home/ HTTP/1.1" 200 4711
"GET /static/csshome/styles.css HTTP/1.1" 304 0
"GET /static/js/main.js HTTP/1.1" 304 0
"GET /home/ HTTP/1.1" 200 4505
"GET /static/csshome/styles.css HTTP/1.1" 304 0
"GET /home/ HTTP/1.1" 200 4507
"GET /home/ HTTP/1.1" 200 4507
"GET /static/csshome/styles.css HTTP/1.1" 200 4785
"GET /static/js/main.js HTTP/1.1" 200 5785
"GET /home/ HTTP/1.1" 200 4507
"GET /home/ HTTP/1.1" 200 4507
"GET /home/ HTTP/1.1" 200 4507
"GET /drive/ HTTP/1.1" 200 30010
"GET /static/js/main.js HTTP/1.1" 304 0
"GET /static/css/styles.css HTTP/1.1" 304 0
"GET /drive/ HTTP/1.1" 200 30010
"GET /home/ HTTP/1.1" 200 4505
"GET /static/csshome/styles.css HTTP/1.1" 304 0
"GET /home/ HTTP/1.1" 200 4505
"GET /home/ HTTP/1.1" 200 4505
"POST /drive/delete-folder/f63f235f30527e71eba31d52ed115dce375efc466e5f11eeba8a6b31f052954b/ HTTP/1.1" 302 0
"GET /drive/ HTTP/1.1" 200 21271
"POST /drive/delete-folder/698dca68543131d25a7933a81b1c47c01ba22b2492ffac3bf43871dd3f1c8c36/ HTTP/1.1" 302 0
"GET /drive/ HTTP/1.1" 200 12479
"POST /home/logout/ HTTP/1.1" 302 0
"GET /home/ HTTP/1.1" 200 4505
"GET /static/csshome/styles.css HTTP/1.1" 200 4785
"GET /home/ HTTP/1.1" 200 4504
"GET /home/ HTTP/1.1" 200 4504
"GET /home/ HTTP/1.1" 200 4504
"GET /home/ HTTP/1.1" 200 4504
"GET /home/ HTTP/1.1" 200 4504
"GET /home/ HTTP/1.1" 200 4504
"GET /static/csshome/styles.css HTTP/1.1" 200 4873
"GET /home/ HTTP/1.1" 200 4504
"POST /home/login/ HTTP/1.1" 200 5011
"POST /home/login/ HTTP/1.1" 200 5010
"GET /static/csshome/styles.css HTTP/1.1" 200 4841
"POST /home/login/ HTTP/1.1" 200 5010
"POST /home/login/ HTTP/1.1" 200 5010
"GET /static/csshome/styles.css HTTP/1.1" 200 4854
"POST /home/login/ HTTP/1.1" 200 5010
"GET /static/csshome/styles.css HTTP/1.1" 304 0
"GET /home/ HTTP/1.1" 200 4503
"GET /static/csshome/styles.css HTTP/1.1" 304 0
/app/EDrive/drive/views.py changed, reloading.
Watching for file changes with StatReloader
/app/EDrive/drive/views.py changed, reloading.
Watching for file changes with StatReloader
/app/EDrive/drive/views.py changed, reloading.
Watching for file changes with StatReloader
/app/EDrive/drive/views.py changed, reloading.
Watching for file changes with StatReloader
/app/EDrive/drive/views.py changed, reloading.
Watching for file changes with StatReloader
/app/EDrive/drive/views.py changed, reloading.
Watching for file changes with StatReloader
/app/EDrive/drive/views.py changed, reloading.
Watching for file changes with StatReloader
/app/EDrive/drive/views.py changed, reloading.
Watching for file changes with StatReloader
/app/EDrive/drive/views.py changed, reloading.
Watching for file changes with StatReloader
/app/EDrive/drive/views.py changed, reloading.
Watching for file changes with StatReloader
"GET /home/ HTTP/1.1" 200 4503
"GET /static/csshome/styles.css HTTP/1.1" 200 4854
"GET /static/js/main.js HTTP/1.1" 304 0
"POST /home/login/ HTTP/1.1" 200 5010
"GET /static/csshome/styles.css HTTP/1.1" 304 0
"GET /static/js/main.js HTTP/1.1" 304 0
"POST /home/login/ HTTP/1.1" 302 0
"GET /drive/ HTTP/1.1" 200 30151
"GET /static/css/styles.css HTTP/1.1" 304 0
"GET /drive/folder/b7eb594bb28b7a0d3a94a2f145f33aba3118eba2c8ae005d57d726f7c59827b4/ HTTP/1.1" 200 97515
"GET /drive/view-file/4627ad1fbf04d0f4023a0d44e15b6e62669ae5957726cc0bc7ff87a974eeef91/ HTTP/1.1" 200 3227298
